EAL		:	Analysis beginning
		:
EAL		:	Creating intermediate ROOT file:
EAL		:	Dataset.root
		:
EAL		:	filtering Data dataframe
		:
EAL		:	filtering Signal dataframe
		:
EAL		:	filtering Background dataframe
		:
EAL		:	Done writing intermediate ROOT Files
		:
DataSetInfo              : [TMVAoutput] : Added class "Signal"
                         : Add Tree signal of type Signal with 43111 events
DataSetInfo              : [TMVAoutput] : Added class "Background"
                         : Add Tree background of type Background with 309537 events
EAL		:	variable = bos_PuppiAK8_eta, type = F
EAL		:	variable = bos_PuppiAK8_m_sd0_corr, type = F
EAL		:	variable = bos_PuppiAK8_tau2tau1, type = F
EAL		:	variable = dibos_m, type = F
EAL		:	variable = lep1_eta, type = F
EAL		:	variable = nJet30f, type = F
EAL		:	variable = vbf1_AK4_eta, type = F
EAL		:	variable = vbf1_AK4_qgid, type = F
EAL		:	variable = vbf2_AK4_eta, type = F
EAL		:	variable = vbf2_AK4_qgid, type = F
EAL		:	variable = vbf_deta, type = F
EAL		:	variable = vbf_eta, type = F
EAL		:	variable = vbf_m, type = F
EAL		:	variable = zeppHad, type = F
EAL		:	variable = zeppLep, type = F
EAL		:	variable = AntiIsoInt, type = I
EAL		:	variable = bos_AK4AK4_eta, type = F
EAL		:	variable = bos_AK4AK4_m, type = F
EAL		:	variable = bos_AK4AK4_pt, type = F
EAL		:	variable = bosCent, type = F
EAL		:	variable = bos_j1_AK4_eta, type = F
EAL		:	variable = bos_j1_AK4_pt, type = F
EAL		:	variable = bos_j2_AK4_eta, type = F
EAL		:	variable = bos_j2_AK4_pt, type = F
EAL		:	variable = bos_PuppiAK8_m_sd0, type = F
EAL		:	variable = bos_PuppiAK8_phi, type = F
EAL		:	variable = bos_PuppiAK8_pt, type = F
EAL		:	variable = btagWeight_loose, type = F
EAL		:	variable = dibos_eta, type = F
EAL		:	variable = dibos_mt, type = F
EAL		:	variable = dibos_phi, type = F
EAL		:	variable = dibos_pt, type = F
EAL		:	variable = dilep_eta, type = F
EAL		:	variable = dilep_m, type = F
EAL		:	variable = dilep_mt, type = F
EAL		:	variable = dilep_phi, type = F
EAL		:	variable = dilep_pt, type = F
EAL		:	variable = evt, type = I
EAL		:	variable = genWeight, type = F
EAL		:	variable = gid, type = I
EAL		:	variable = L1PFWeight, type = F
EAL		:	variable = lep1_idEffWeight, type = F
EAL		:	variable = lep1_iso, type = F
EAL		:	variable = lep1_m, type = F
EAL		:	variable = lep1_phi, type = F
EAL		:	variable = lep1_pt, type = F
EAL		:	variable = lep1_q, type = F
EAL		:	variable = lep1_trigEffWeight, type = F
EAL		:	variable = lep2_eta, type = F
EAL		:	variable = lep2_idEffWeight, type = F
EAL		:	variable = lep2_phi, type = F
EAL		:	variable = lep2_pt, type = F
EAL		:	variable = lep2_trigEffWeight, type = F
EAL		:	variable = lumin, type = F
EAL		:	variable = mcWeight, type = F
EAL		:	variable = MET, type = F
EAL		:	variable = MET_phi, type = F
EAL		:	variable = nBtag_loose, type = I
EAL		:	variable = nBtag_medium, type = I
EAL		:	variable = neu_pz_type0, type = F
EAL		:	variable = nJet30, type = I
EAL		:	variable = nJet50, type = I
EAL		:	variable = nPV, type = F
EAL		:	variable = puWeight, type = F
EAL		:	variable = run, type = I
EAL		:	variable = vbf1_AK4_m, type = F
EAL		:	variable = vbf1_AK4_phi, type = F
EAL		:	variable = vbf1_AK4_pt, type = F
EAL		:	variable = vbf2_AK4_m, type = F
EAL		:	variable = vbf2_AK4_phi, type = F
EAL		:	variable = vbf2_AK4_pt, type = F
EAL		:	variable = vbf_phi, type = F
EAL		:	variable = vbf_pt, type = F
EAL		:	variable = year, type = I
EAL		:	variable = class_id, type = I
<HEADER> Factory                  : Booking method: BDT
                         : 
                         : Rebuilding Dataset TMVAoutput
                         : Building event vectors for type 2 Signal
                         : Dataset[TMVAoutput] :  create input formulas for tree signal
                         : Building event vectors for type 2 Background
                         : Dataset[TMVAoutput] :  create input formulas for tree background
<HEADER> DataSetFactory           : [TMVAoutput] : Number of events in input trees
                         : 
                         : 
                         : Dataset[TMVAoutput] : No weight renormalisation applied: use original global and event weights
<HEADER> DataSetInfo              : Correlation matrix (Signal):
                         : ---------------------------------------------------------------------------------------------------------------------------------------------------------------------------------------------------------------
                         :                          bos_PuppiAK8_eta bos_PuppiAK8_m_sd0_corr bos_PuppiAK8_tau2tau1 dibos_m lep1_eta nJet30f vbf1_AK4_eta vbf1_AK4_qgid vbf2_AK4_eta vbf2_AK4_qgid vbf_deta vbf_eta   vbf_m zeppHad zeppLep
                         :        bos_PuppiAK8_eta:           +1.000                  +0.003                +0.004  -0.003   +0.038  +0.005       -0.039        -0.005       +0.214        +0.007   -0.002  +0.206  +0.001  +0.750  -0.221
                         : bos_PuppiAK8_m_sd0_corr:           +0.003                  +1.000                -0.173  +0.056   -0.005  -0.028       +0.007        +0.001       -0.009        +0.007   +0.015  -0.006  +0.006  +0.008  -0.002
                         :   bos_PuppiAK8_tau2tau1:           +0.004                  -0.173                +1.000  +0.063   -0.001  +0.045       -0.003        -0.006       +0.008        -0.019   -0.043  +0.009  -0.027  -0.004  -0.010
                         :                 dibos_m:           -0.003                  +0.056                +0.063  +1.000   +0.002  -0.010       -0.009        -0.006       +0.008        -0.019   +0.124  +0.000  +0.046  -0.003  +0.008
                         :                lep1_eta:           +0.038                  -0.005                -0.001  +0.002   +1.000  +0.004       +0.048        +0.004       +0.099        +0.001   +0.008  +0.212  -0.001  -0.147  +0.621
                         :                 nJet30f:           +0.005                  -0.028                +0.045  -0.010   +0.004  +1.000       +0.013        -0.052       -0.012        -0.089   +0.031  +0.001  +0.039  +0.008  +0.003
                         :            vbf1_AK4_eta:           -0.039                  +0.007                -0.003  -0.009   +0.048  +0.013       +1.000        -0.007       -0.849        -0.004   -0.008  +0.373  +0.000  +0.003  +0.088
                         :           vbf1_AK4_qgid:           -0.005                  +0.001                -0.006  -0.006   +0.004  -0.052       -0.007        +1.000       +0.004        +0.010   -0.041  -0.001  +0.008  -0.002  +0.013
                         :            vbf2_AK4_eta:           +0.214                  -0.009                +0.008  +0.008   +0.099  -0.012       -0.849        +0.004       +1.000        +0.010   +0.017  +0.085  +0.005  -0.196  -0.345
                         :           vbf2_AK4_qgid:           +0.007                  +0.007                -0.019  -0.019   +0.001  -0.089       -0.004        +0.010       +0.010        +1.000   -0.042  +0.010  -0.000  -0.002  -0.008
                         :                vbf_deta:           -0.002                  +0.015                -0.043  +0.124   +0.008  +0.031       -0.008        -0.041       +0.017        -0.042   +1.000  +0.028  +0.622  -0.015  -0.003
                         :                 vbf_eta:           +0.206                  -0.006                +0.009  +0.000   +0.212  +0.001       +0.373        -0.001       +0.085        +0.010   +0.028  +1.000  +0.014  -0.314  -0.362
                         :                   vbf_m:           +0.001                  +0.006                -0.027  +0.046   -0.001  +0.039       +0.000        +0.008       +0.005        -0.000   +0.622  +0.014  +1.000  -0.005  -0.001
                         :                 zeppHad:           +0.750                  +0.008                -0.004  -0.003   -0.147  +0.008       +0.003        -0.002       -0.196        -0.002   -0.015  -0.314  -0.005  +1.000  +0.146
                         :                 zeppLep:           -0.221                  -0.002                -0.010  +0.008   +0.621  +0.003       +0.088        +0.013       -0.345        -0.008   -0.003  -0.362  -0.001  +0.146  +1.000
                         : ---------------------------------------------------------------------------------------------------------------------------------------------------------------------------------------------------------------
<HEADER> DataSetInfo              : Correlation matrix (Background):
                         : ---------------------------------------------------------------------------------------------------------------------------------------------------------------------------------------------------------------
                         :                          bos_PuppiAK8_eta bos_PuppiAK8_m_sd0_corr bos_PuppiAK8_tau2tau1 dibos_m lep1_eta nJet30f vbf1_AK4_eta vbf1_AK4_qgid vbf2_AK4_eta vbf2_AK4_qgid vbf_deta vbf_eta   vbf_m zeppHad zeppLep
                         :        bos_PuppiAK8_eta:           +1.000                  +0.001                +0.009  -0.004   +0.211  +0.001       +0.045        +0.007       +0.176        -0.011   -0.013  +0.267  -0.009  +0.697  -0.065
                         : bos_PuppiAK8_m_sd0_corr:           +0.001                  +1.000                -0.175  +0.094   +0.005  +0.006       -0.005        -0.001       +0.006        -0.008   +0.007  +0.003  +0.021  -0.001  +0.005
                         :   bos_PuppiAK8_tau2tau1:           +0.009                  -0.175                +1.000  +0.061   -0.004  -0.023       +0.008        +0.033       -0.007        +0.006   -0.060  +0.003  -0.001  +0.009  -0.003
                         :                 dibos_m:           -0.004                  +0.094                +0.061  +1.000   +0.003  -0.009       -0.002        -0.001       +0.001        -0.008   +0.083  -0.001  +0.032  -0.003  +0.003
                         :                lep1_eta:           +0.211                  +0.005                -0.004  +0.003   +1.000  -0.003       +0.154        +0.002       -0.040        +0.001   +0.004  +0.152  -0.004  +0.095  +0.689
                         :                 nJet30f:           +0.001                  +0.006                -0.023  -0.009   -0.003  +1.000       -0.002        -0.053       +0.004        -0.019   +0.120  +0.004  +0.126  -0.002  -0.005
                         :            vbf1_AK4_eta:           +0.045                  -0.005                +0.008  -0.002   +0.154  -0.002       +1.000        +0.002       -0.795        +0.003   -0.002  +0.378  +0.001  +0.014  +0.099
                         :           vbf1_AK4_qgid:           +0.007                  -0.001                +0.033  -0.001   +0.002  -0.053       +0.002        +1.000       +0.004        -0.005   +0.005  +0.010  +0.065  -0.001  -0.005
                         :            vbf2_AK4_eta:           +0.176                  +0.006                -0.007  +0.001   -0.040  +0.004       -0.795        +0.004       +1.000        -0.006   +0.000  +0.173  -0.000  -0.271  -0.415
                         :           vbf2_AK4_qgid:           -0.011                  -0.008                +0.006  -0.008   +0.001  -0.019       +0.003        -0.005       -0.006        +1.000   +0.068  -0.003  +0.086  -0.007  +0.003
                         :                vbf_deta:           -0.013                  +0.007                -0.060  +0.083   +0.004  +0.120       -0.002        +0.005       +0.000        +0.068   +1.000  -0.001  +0.623  -0.011  +0.003
                         :                 vbf_eta:           +0.267                  +0.003                +0.003  -0.001   +0.152  +0.004       +0.378        +0.010       +0.173        -0.003   -0.001  +1.000  -0.002  -0.351  -0.406
                         :                   vbf_m:           -0.009                  +0.021                -0.001  +0.032   -0.004  +0.126       +0.001        +0.065       -0.000        +0.086   +0.623  -0.002  +1.000  -0.010  -0.004
                         :                 zeppHad:           +0.697                  -0.001                +0.009  -0.003   +0.095  -0.002       +0.014        -0.001       -0.271        -0.007   -0.011  -0.351  -0.010  +1.000  +0.357
                         :                 zeppLep:           -0.065                  +0.005                -0.003  +0.003   +0.689  -0.005       +0.099        -0.005       -0.415        +0.003   +0.003  -0.406  -0.004  +0.357  +1.000
                         : ---------------------------------------------------------------------------------------------------------------------------------------------------------------------------------------------------------------
<HEADER> DataSetFactory           : [TMVAoutput] :  
                         : 
<HEADER> Factory                  : Train all methods
<HEADER> Factory                  : [TMVAoutput] : Create Transformation "I" with events from all classes.
                         : 
<HEADER>                          : Transformation, Variable selection : 
                         : Input : variable 'bos_PuppiAK8_eta' <---> Output : variable 'bos_PuppiAK8_eta'
                         : Input : variable 'bos_PuppiAK8_m_sd0_corr' <---> Output : variable 'bos_PuppiAK8_m_sd0_corr'
                         : Input : variable 'bos_PuppiAK8_tau2tau1' <---> Output : variable 'bos_PuppiAK8_tau2tau1'
                         : Input : variable 'dibos_m' <---> Output : variable 'dibos_m'
                         : Input : variable 'lep1_eta' <---> Output : variable 'lep1_eta'
                         : Input : variable 'nJet30f' <---> Output : variable 'nJet30f'
                         : Input : variable 'vbf1_AK4_eta' <---> Output : variable 'vbf1_AK4_eta'
                         : Input : variable 'vbf1_AK4_qgid' <---> Output : variable 'vbf1_AK4_qgid'
                         : Input : variable 'vbf2_AK4_eta' <---> Output : variable 'vbf2_AK4_eta'
                         : Input : variable 'vbf2_AK4_qgid' <---> Output : variable 'vbf2_AK4_qgid'
                         : Input : variable 'vbf_deta' <---> Output : variable 'vbf_deta'
                         : Input : variable 'vbf_eta' <---> Output : variable 'vbf_eta'
                         : Input : variable 'vbf_m' <---> Output : variable 'vbf_m'
                         : Input : variable 'zeppHad' <---> Output : variable 'zeppHad'
                         : Input : variable 'zeppLep' <---> Output : variable 'zeppLep'
<HEADER> TFHandler_Factory        :                Variable                       Mean                       RMS               [        Min                       Max ]
                         : --------------------------------------------------------------------------------------------------------------------------------------
                         :        bos_PuppiAK8_eta:               -0.0044838                  0.96202   [                  -2.3999                   2.3999 ]
                         : bos_PuppiAK8_m_sd0_corr:                   83.471                   10.613   [                   65.062                   104.94 ]
                         :   bos_PuppiAK8_tau2tau1:                  0.37318                  0.10661   [                0.0071763                  0.54997 ]
                         :                 dibos_m:                   549.08                   233.79   [                   124.46                   5761.6 ]
                         :                lep1_eta:                0.0074407                   1.2626   [                  -2.5000                   2.4995 ]
                         :                 nJet30f:                   3.2838                   1.2166   [                   2.0000                   13.000 ]
                         :            vbf1_AK4_eta:               0.00062386                   2.0593   [                  -4.6660                   4.6787 ]
                         :           vbf1_AK4_qgid:                  0.52267                  0.37799   [               3.3295e-08                   1.0000 ]
                         :            vbf2_AK4_eta:                 0.011340                   2.5169   [                  -4.6846                   4.6973 ]
                         :           vbf2_AK4_qgid:                  0.48588                  0.34551   [               4.5747e-06                   1.0000 ]
                         :                vbf_deta:                   4.2212                   1.0088   [                   2.5001                   9.1182 ]
                         :                 vbf_eta:                 0.014680                   2.0857   [                  -8.2947                   7.9297 ]
                         :                   vbf_m:                   1099.1                   592.74   [                   500.00                   8596.4 ]
                         :                 zeppHad:                -0.010466                  0.99591   [                  -3.2319                   3.2444 ]
                         :                 zeppLep:               0.00022730                   1.0797   [                  -3.4848                   3.4807 ]
                         : --------------------------------------------------------------------------------------------------------------------------------------
                         : Ranking input variables (method unspecific)...
<HEADER> IdTransformation         : Ranking result (top variable is best ranked)
                         : ------------------------------------------------
                         : Rank : Variable                : Separation
                         : ------------------------------------------------
                         :    1 : vbf_m                   : 1.564e-01
                         :    2 : bos_PuppiAK8_tau2tau1   : 9.472e-02
                         :    3 : nJet30f                 : 2.955e-02
                         :    4 : bos_PuppiAK8_m_sd0_corr : 2.936e-02
                         :    5 : vbf1_AK4_qgid           : 2.835e-02
                         :    6 : vbf2_AK4_qgid           : 2.485e-02
                         :    7 : vbf_deta                : 2.401e-02
                         :    8 : lep1_eta                : 2.077e-02
                         :    9 : zeppLep                 : 1.861e-02
                         :   10 : dibos_m                 : 1.676e-02
                         :   11 : vbf2_AK4_eta            : 1.190e-02
                         :   12 : vbf1_AK4_eta            : 9.251e-03
                         :   13 : bos_PuppiAK8_eta        : 1.949e-03
                         :   14 : zeppHad                 : 1.576e-03
                         :   15 : vbf_eta                 : 1.540e-03
                         : ------------------------------------------------
<HEADER> Factory                  : Train method: BDT for Classification
                         : 
<WARNING> <WARNING>                :  Note, you have events with negative event weight in the sample, but you've chosen to ignore them
<HEADER> BDT                      : #events: (reweighted) sig: 87787.5 bkg: 87787.5
                         : #events: (unweighted) sig: 21446 bkg: 154129
                         : Training 1000 Decision Trees ... patience please
                         : Elapsed time for training with 176323 events: 43.1 sec         
<HEADER> BDT                      : [TMVAoutput] : Evaluation of BDT on training sample (176323 events)
                         : Elapsed time for evaluation of 176323 events: 14.1 sec       
                         : Creating xml weight file: TMVAoutput/weights/TMVAClassification_BDT.weights.xml
                         : Creating standalone class: TMVAoutput/weights/TMVAClassification_BDT.class.C
                         : TMVAoutput_SBtmva.root:/TMVAoutput/Method_BDT/BDT
<HEADER> Factory                  : Training finished
                         : 
                         : Ranking input variables (method specific)...
<HEADER> BDT                      : Ranking result (top variable is best ranked)
                         : ---------------------------------------------------------
                         : Rank : Variable                : Variable Importance
                         : ---------------------------------------------------------
                         :    1 : vbf_m                   : 1.075e-01
                         :    2 : bos_PuppiAK8_tau2tau1   : 8.415e-02
                         :    3 : lep1_eta                : 8.178e-02
                         :    4 : bos_PuppiAK8_m_sd0_corr : 7.282e-02
                         :    5 : zeppLep                 : 6.914e-02
                         :    6 : vbf2_AK4_qgid           : 6.805e-02
                         :    7 : vbf1_AK4_qgid           : 6.636e-02
                         :    8 : vbf_deta                : 6.376e-02
                         :    9 : zeppHad                 : 6.141e-02
                         :   10 : nJet30f                 : 5.630e-02
                         :   11 : bos_PuppiAK8_eta        : 5.610e-02
                         :   12 : vbf2_AK4_eta            : 5.559e-02
                         :   13 : vbf_eta                 : 5.529e-02
                         :   14 : dibos_m                 : 5.208e-02
                         :   15 : vbf1_AK4_eta            : 4.965e-02
                         : ---------------------------------------------------------
<HEADER> Factory                  : === Destroy and recreate all methods via weight files for testing ===
                         : 
                         : Reading weight file: TMVAoutput/weights/TMVAClassification_BDT.weights.xml
<HEADER> Factory                  : Test all methods
<HEADER> Factory                  : Test method: BDT for Classification performance
                         : 
<HEADER> BDT                      : [TMVAoutput] : Evaluation of BDT on testing sample (176323 events)
                         : Elapsed time for evaluation of 176323 events: 9.86 sec       
<HEADER> Factory                  : Evaluate all methods
<HEADER> Factory                  : Evaluate classifier: BDT
                         : 
<HEADER> BDT                      : [TMVAoutput] : Loop over test events and fill histograms with classifier response...
                         : 
<HEADER> TFHandler_BDT            :                Variable                       Mean                       RMS               [        Min                       Max ]
                         : --------------------------------------------------------------------------------------------------------------------------------------
                         :        bos_PuppiAK8_eta:               0.00011451                  0.96733   [                  -2.3999                   2.3999 ]
                         : bos_PuppiAK8_m_sd0_corr:                   83.494                   10.577   [                   65.062                   104.94 ]
                         :   bos_PuppiAK8_tau2tau1:                  0.37367                  0.10649   [                 0.044733                  0.54997 ]
                         :                 dibos_m:                   549.87                   232.91   [                   127.22                   5915.1 ]
                         :                lep1_eta:              -0.00088158                   1.2580   [                  -2.5000                   2.4995 ]
                         :                 nJet30f:                   3.2809                   1.2152   [                   2.0000                   13.000 ]
                         :            vbf1_AK4_eta:                0.0099787                   2.0607   [                  -4.6963                   4.6934 ]
                         :           vbf1_AK4_qgid:                  0.52383                  0.37939   [               1.7449e-05                   1.0000 ]
                         :            vbf2_AK4_eta:               -0.0069040                   2.5114   [                  -4.6973                   4.6973 ]
                         :           vbf2_AK4_qgid:                  0.48443                  0.34735   [               1.2117e-06                   1.0000 ]
                         :                vbf_deta:                   4.2151                   1.0089   [                   2.5001                   8.8506 ]
                         :                 vbf_eta:                0.0066071                   2.0815   [                  -7.6344                   8.0684 ]
                         :                   vbf_m:                   1099.1                   592.67   [                   500.01                   9540.7 ]
                         :                 zeppHad:               -0.0014229                  0.99142   [                  -3.1990                   3.2747 ]
                         :                 zeppLep:               -0.0024188                   1.0719   [                  -3.5102                   3.3986 ]
                         : --------------------------------------------------------------------------------------------------------------------------------------
                         : 
                         : Evaluation results ranked by best signal efficiency and purity (area)
                         : -------------------------------------------------------------------------------------------------------------------
                         : DataSet       MVA                       
                         : Name:         Method:          ROC-integ
                         : TMVAoutput    BDT            : 0.834
                         : -------------------------------------------------------------------------------------------------------------------
                         : 
                         : Testing efficiency compared to training efficiency (overtraining check)
                         : -------------------------------------------------------------------------------------------------------------------
                         : DataSet              MVA              Signal efficiency: from test sample (from training sample) 
                         : Name:                Method:          @B=0.01             @B=0.10            @B=0.30   
                         : -------------------------------------------------------------------------------------------------------------------
                         : TMVAoutput           BDT            : 0.180 (0.208)       0.561 (0.575)      0.807 (0.813)
                         : -------------------------------------------------------------------------------------------------------------------
                         : 
<HEADER> Dataset:TMVAoutput       : Created tree 'TestTree' with 176323 events
                         : 
<HEADER> Dataset:TMVAoutput       : Created tree 'TrainTree' with 176323 events
                         : 
<HEADER> Factory                  : Thank you for using TMVA!
                         : For citation information, please visit: http://tmva.sf.net/citeTMVA.html
EAL		:	Adding variable : bos_PuppiAK8_eta
EAL		:	Adding variable : bos_PuppiAK8_m_sd0_corr
EAL		:	Adding variable : bos_PuppiAK8_tau2tau1
EAL		:	Adding variable : dibos_m
EAL		:	Adding variable : lep1_eta
EAL		:	Adding variable : nJet30f
EAL		:	Adding variable : vbf1_AK4_eta
EAL		:	Adding variable : vbf1_AK4_qgid
EAL		:	Adding variable : vbf2_AK4_eta
EAL		:	Adding variable : vbf2_AK4_qgid
EAL		:	Adding variable : vbf_deta
EAL		:	Adding variable : vbf_eta
EAL		:	Adding variable : vbf_m
EAL		:	Adding variable : zeppHad
EAL		:	Adding variable : zeppLep
EAL		:	Adding spectator : AntiIsoInt, I type = I
EAL		:	Adding spectator : bos_AK4AK4_eta, F type = F
EAL		:	Adding spectator : bos_AK4AK4_m, F type = F
EAL		:	Adding spectator : bos_AK4AK4_pt, F type = F
EAL		:	Adding spectator : bosCent, F type = F
EAL		:	Adding spectator : bos_j1_AK4_eta, F type = F
EAL		:	Adding spectator : bos_j1_AK4_pt, F type = F
EAL		:	Adding spectator : bos_j2_AK4_eta, F type = F
EAL		:	Adding spectator : bos_j2_AK4_pt, F type = F
EAL		:	Adding spectator : bos_PuppiAK8_m_sd0, F type = F
EAL		:	Adding spectator : bos_PuppiAK8_phi, F type = F
EAL		:	Adding spectator : bos_PuppiAK8_pt, F type = F
EAL		:	Adding spectator : btagWeight_loose, F type = F
EAL		:	Adding spectator : dibos_eta, F type = F
EAL		:	Adding spectator : dibos_mt, F type = F
EAL		:	Adding spectator : dibos_phi, F type = F
EAL		:	Adding spectator : dibos_pt, F type = F
EAL		:	Adding spectator : dilep_eta, F type = F
EAL		:	Adding spectator : dilep_m, F type = F
EAL		:	Adding spectator : dilep_mt, F type = F
EAL		:	Adding spectator : dilep_phi, F type = F
EAL		:	Adding spectator : dilep_pt, F type = F
EAL		:	Adding spectator : evt, I type = I
EAL		:	Adding spectator : genWeight, F type = F
EAL		:	Adding spectator : gid, I type = I
EAL		:	Adding spectator : L1PFWeight, F type = F
EAL		:	Adding spectator : lep1_idEffWeight, F type = F
EAL		:	Adding spectator : lep1_iso, F type = F
EAL		:	Adding spectator : lep1_m, F type = F
EAL		:	Adding spectator : lep1_phi, F type = F
EAL		:	Adding spectator : lep1_pt, F type = F
EAL		:	Adding spectator : lep1_q, F type = F
EAL		:	Adding spectator : lep1_trigEffWeight, F type = F
EAL		:	Adding spectator : lep2_eta, F type = F
EAL		:	Adding spectator : lep2_idEffWeight, F type = F
EAL		:	Adding spectator : lep2_phi, F type = F
EAL		:	Adding spectator : lep2_pt, F type = F
EAL		:	Adding spectator : lep2_trigEffWeight, F type = F
EAL		:	Adding spectator : lumin, F type = F
EAL		:	Adding spectator : mcWeight, F type = F
EAL		:	Adding spectator : MET, F type = F
EAL		:	Adding spectator : MET_phi, F type = F
EAL		:	Adding spectator : nBtag_loose, I type = I
EAL		:	Adding spectator : nBtag_medium, I type = I
EAL		:	Adding spectator : neu_pz_type0, F type = F
EAL		:	Adding spectator : nJet30, I type = I
EAL		:	Adding spectator : nJet50, I type = I
EAL		:	Adding spectator : nPV, F type = F
EAL		:	Adding spectator : puWeight, F type = F
EAL		:	Adding spectator : run, I type = I
EAL		:	Adding spectator : vbf1_AK4_m, F type = F
EAL		:	Adding spectator : vbf1_AK4_phi, F type = F
EAL		:	Adding spectator : vbf1_AK4_pt, F type = F
EAL		:	Adding spectator : vbf2_AK4_m, F type = F
EAL		:	Adding spectator : vbf2_AK4_phi, F type = F
EAL		:	Adding spectator : vbf2_AK4_pt, F type = F
EAL		:	Adding spectator : vbf_phi, F type = F
EAL		:	Adding spectator : vbf_pt, F type = F
EAL		:	Adding spectator : year, I type = I
EAL		:	Adding spectator : class_id, I type = I
                         : Booking "BDT" of type "BDT" from TMVAoutput/weights/TMVAClassification_BDT.weights.xml.
                         : Reading weight file: TMVAoutput/weights/TMVAClassification_BDT.weights.xml
<HEADER> DataSetInfo              : [Default] : Added class "Signal"
<HEADER> DataSetInfo              : [Default] : Added class "Background"
                         : Booked classifier "BDT" of type: "BDT"
EAL - ApplyMethod -	: reader methods booked
		:
EAL		:	Applying Models
EAL		:		Appying BDT
		:
EAL - ApplyMethod -	: Dataframe saved to file:TMVAoutput_SBtmva.root
		:

EAL : Done!
